<?xml version="1.0" encoding="utf-8"?><testsuites name="pytest tests"><testsuite name="pytest" errors="0" failures="2" skipped="0" tests="8" time="17.842" timestamp="2026-09-03T22:23:43.544431+00:00" hostname="agent-env-14e87ee8-eebe-42e5-8278-d3a4b4c84a67"><testcase classname="tests.test_blog_autopilot.TestAutopilotSettings" name="test_get_requires_auth" time="0.537" /><testcase classname="tests.test_blog_autopilot.TestAutopilotRun" name="test_run_generates_valid_post" time="17.028"><failure message="KeyError: 'title'">tests/test_blog_autopilot.py:126: in test_run_generates_valid_post
    assert g.json()["title"] == p["title"]
           ^^^^^^^^^^^^^^^^^
E   KeyError: 'title'</failure></testcase><testcase classname="tests.test_blog_autopilot.TestAutopilotSettings" name="test_get_settings_shape" time="1.891" /><testcase classname="tests.test_blog_autopilot.TestAutopilotSettings" name="test_update_persists" time="0.372" /><testcase classname="tests.test_blog_autopilot.TestAutopilotSettings" name="test_frequency_clamped" time="0.219" /><testcase classname="tests.test_blog_autopilot.TestAutopilotSettings" name="test_partial_update_does_not_clear_others" time="0.221" /><testcase classname="tests.test_blog_autopilot.TestAutopilotRun" name="test_run_requires_auth" time="0.095" /><testcase classname="tests.test_blog_autopilot.TestExistingSlugs" name="test_all_public_blog_slugs_clean" time="0.103"><failure message="AssertionError: dirty slugs: ['why-you-need-a-freelance-ai-consultant-in-2026:-a-leader’s-guide']&#10;assert not ['why-you-need-a-freelance-ai-consultant-in-2026:-a-leader’s-guide']">tests/test_blog_autopilot.py:99: in test_all_public_blog_slugs_clean
    assert not bad, f"dirty slugs: {bad}"
E   AssertionError: dirty slugs: ['why-you-need-a-freelance-ai-consultant-in-2026:-a-leader’s-guide']
E   assert not ['why-you-need-a-freelance-ai-consultant-in-2026:-a-leader’s-guide']</failure></testcase></testsuite></testsuites>