<?xml version="1.0" encoding="utf-8"?><testsuites name="pytest tests"><testsuite name="pytest" errors="0" failures="0" skipped="0" tests="10" time="4.581" timestamp="2026-08-18T13:59:55.111523+00:00" hostname="agent-env-b4fa3bac-f505-403e-aa1b-9f38b1b89270"><testcase classname="tests.test_case_studies" name="test_public_list_case_studies" time="0.411" /><testcase classname="tests.test_case_studies" name="test_public_get_case_study_by_slug" time="0.292" /><testcase classname="tests.test_case_studies" name="test_public_get_case_study_404" time="0.274" /><testcase classname="tests.test_case_studies" name="test_admin_case_studies_requires_auth" time="0.167" /><testcase classname="tests.test_case_studies" name="test_admin_list_case_studies" time="0.628" /><testcase classname="tests.test_case_studies" name="test_created_appears_in_admin_and_public" time="0.533" /><testcase classname="tests.test_case_studies" name="test_duplicate_slug_returns_409" time="0.172" /><testcase classname="tests.test_case_studies" name="test_update_case_study" time="0.500" /><testcase classname="tests.test_case_studies" name="test_delete_case_study" time="0.639" /><testcase classname="tests.test_case_studies" name="test_sitemap_contains_case_studies" time="0.450" /></testsuite></testsuites>