<?xml version="1.0" encoding="utf-8"?><testsuites name="pytest tests"><testsuite name="pytest" errors="0" failures="0" skipped="0" tests="59" time="57.360" timestamp="2026-09-03T22:43:33.909816+00:00" hostname="agent-env-14e87ee8-eebe-42e5-8278-d3a4b4c84a67"><testcase classname="tests.test_lead_delete_and_gsc" name="test_delete_lead_requires_auth" time="0.799" /><testcase classname="tests.test_case_studies" name="test_public_list_case_studies" time="0.252" /><testcase classname="tests.test_case_studies" name="test_public_get_case_study_by_slug" time="0.150" /><testcase classname="tests.test_case_studies" name="test_public_get_case_study_404" time="0.220" /><testcase classname="tests.test_case_studies" name="test_admin_case_studies_requires_auth" time="0.134" /><testcase classname="tests.test_case_studies" name="test_admin_list_case_studies" time="0.731" /><testcase classname="tests.test_lead_delete_and_gsc" name="test_delete_lead_success_and_removal" time="1.689" /><testcase classname="tests.test_case_studies" name="test_created_appears_in_admin_and_public" time="0.534" /><testcase classname="tests.test_case_studies" name="test_duplicate_slug_returns_409" time="0.211" /><testcase classname="tests.test_case_studies" name="test_update_case_study" time="0.341" /><testcase classname="tests.test_lead_delete_and_gsc" name="test_delete_lead_not_found" time="0.258" /><testcase classname="tests.test_case_studies" name="test_delete_case_study" time="0.538" /><testcase classname="tests.test_lead_delete_and_gsc" name="test_delete_lead_twice_is_404" time="0.615" /><testcase classname="tests.test_case_studies" name="test_sitemap_contains_case_studies" time="0.484" /><testcase classname="tests.test_lead_delete_and_gsc" name="test_settings_has_google_verification_field" time="0.191" /><testcase classname="tests.test_lead_delete_and_gsc" name="test_update_google_verification_persists" time="0.816" /><testcase classname="tests.test_leads_and_seo" name="test_create_lead_contact" time="0.367" /><testcase classname="tests.test_leads_and_seo" name="test_create_lead_exit_intent" time="0.448" /><testcase classname="tests.test_lead_delete_and_gsc" name="test_settings_marketing_defaults_intact" time="0.124" /><testcase classname="tests.test_leads_and_seo" name="test_admin_list_leads_contains_created" time="0.723" /><testcase classname="tests.test_leads_and_seo" name="test_geo_endpoint" time="0.430" /><testcase classname="tests.test_autopilot_topics_and_publish.TestCustomTopicsSettings" name="test_auth_required" time="0.873" /><testcase classname="tests.test_autopilot_topics_and_publish.TestCustomTopicsSettings" name="test_trim_dedupe_and_next_topic" time="0.205" /><testcase classname="tests.test_autopilot_topics_and_publish.TestCustomTopicsSettings" name="test_cap_at_50" time="0.100" /><testcase classname="tests.test_leads_and_seo" name="test_sitemap_xml_valid" time="0.205" /><testcase classname="tests.test_autopilot_topics_and_publish.TestCustomTopicsSettings" name="test_clear_topics_falls_back_to_rotation" time="0.117" /><testcase classname="tests.test_leads_and_seo" name="test_offers_or_home_reachable" time="3.562" /><testcase classname="tests.test_autopilot_topics_and_publish.TestCustomTopicsSettings" name="test_other_settings_still_persist" time="0.375" /><testcase classname="tests.test_site_settings.TestAdminSiteSettings" name="test_get_admin_settings_requires_auth" time="0.192" /><testcase classname="tests.test_site_settings.TestAdminSiteSettings" name="test_get_admin_settings" time="0.427" /><testcase classname="tests.test_site_settings.TestAdminSiteSettings" name="test_put_empty_body_returns_400" time="0.078" /><testcase classname="tests.test_site_settings.TestAdminSiteSettings" name="test_put_invalid_structure_returns_400" time="0.064" /><testcase classname="tests.test_site_settings.TestAdminSiteSettings" name="test_put_valid_partial_merge_and_persist" time="0.219" /><testcase classname="tests.test_site_settings.TestDigestSettings" name="test_get_digest_settings" time="0.070" /><testcase classname="tests.test_site_settings.TestDigestSettings" name="test_update_digest_settings" time="0.171" /><testcase classname="tests.test_site_settings.TestDigestSettings" name="test_update_digest_invalid_hour" time="0.065" /><testcase classname="tests.test_site_settings.TestDigestSettings" name="test_update_digest_invalid_tz" time="0.108" /><testcase classname="tests.test_autopilot_topics_and_publish.TestPublishToggle" name="test_publish_toggle_and_persistence" time="1.224" /><testcase classname="tests.test_autopilot_topics_and_publish.TestPublishToggle" name="test_publish_bad_id_404" time="0.095" /><testcase classname="tests.test_autopilot_topics_and_publish.TestPublishToggle" name="test_publish_requires_auth" time="0.202" /><testcase classname="tests.test_blog_autopilot.TestAutopilotSettings" name="test_get_requires_auth" time="0.179" /><testcase classname="tests.test_blog_autopilot.TestAutopilotRun" name="test_run_generates_valid_post" time="25.538" /><testcase classname="tests.test_blog_autopilot.TestAutopilotSettings" name="test_get_settings_shape" time="2.146" /><testcase classname="tests.test_blog_autopilot.TestAutopilotSettings" name="test_update_persists" time="0.306" /><testcase classname="tests.test_blog_autopilot.TestAutopilotSettings" name="test_frequency_clamped" time="0.191" /><testcase classname="tests.test_blog_autopilot.TestAutopilotSettings" name="test_partial_update_does_not_clear_others" time="0.172" /><testcase classname="tests.test_marketing_toggle.TestLeadRegression" name="test_create_lead_returns_ok_id" time="0.392" /><testcase classname="tests.test_marketing_toggle.TestLeadRegression" name="test_lead_visible_to_admin" time="0.634" /><testcase classname="tests.test_site_settings.TestPublicSettings" name="test_get_settings_shape" time="0.184" /><testcase classname="tests.test_site_settings.TestPublicSettings" name="test_sitemap_uses_canonical_domain" time="0.098" /><testcase classname="tests.test_site_settings.TestWarmupEndpoints" name="test_warmup_status" time="0.426" /><testcase classname="tests.test_site_settings.TestWarmupEndpoints" name="test_warmup_requires_auth" time="0.075" /><testcase classname="tests.test_autopilot_topics_and_publish.TestCustomTopicConsumption" name="test_run_consumes_first_custom_topic" time="40.933" /><testcase classname="tests.test_blog_autopilot.TestAutopilotRun" name="test_run_requires_auth" time="0.154" /><testcase classname="tests.test_marketing_toggle.TestMarketingToggle" name="test_default_marketing_present" time="0.342" /><testcase classname="tests.test_marketing_toggle.TestMarketingToggle" name="test_toggle_off_and_on" time="0.703" /><testcase classname="tests.test_site_settings.TestLocationPage" name="test_mumbai_page_returns_content" time="0.162" /><testcase classname="tests.test_blog_autopilot.TestExistingSlugs" name="test_all_public_blog_slugs_clean" time="0.197" /><testcase classname="tests.test_blog_autopilot_posts" name="test_generated_posts_public_and_clean" time="1.188" /></testsuite></testsuites>