<?xml version="1.0" encoding="utf-8"?><testsuites name="pytest tests"><testsuite name="pytest" errors="0" failures="1" skipped="0" tests="9" time="27.797" timestamp="2026-09-03T22:42:43.111666+00:00" hostname="agent-env-14e87ee8-eebe-42e5-8278-d3a4b4c84a67"><testcase classname="tests.test_autopilot_topics_and_publish.TestCustomTopicsSettings" name="test_auth_required" time="0.760" /><testcase classname="tests.test_autopilot_topics_and_publish.TestPublishToggle" name="test_publish_toggle_and_persistence" time="3.384"><failure message="assert (None is not None)">tests/test_autopilot_topics_and_publish.py:116: in test_publish_toggle_and_persistence
    assert row is not None and row["published"] is True
E   assert (None is not None)</failure></testcase><testcase classname="tests.test_autopilot_topics_and_publish.TestCustomTopicsSettings" name="test_trim_dedupe_and_next_topic" time="0.161" /><testcase classname="tests.test_autopilot_topics_and_publish.TestCustomTopicsSettings" name="test_cap_at_50" time="0.106" /><testcase classname="tests.test_autopilot_topics_and_publish.TestCustomTopicsSettings" name="test_clear_topics_falls_back_to_rotation" time="0.091" /><testcase classname="tests.test_autopilot_topics_and_publish.TestCustomTopicsSettings" name="test_other_settings_still_persist" time="0.299" /><testcase classname="tests.test_autopilot_topics_and_publish.TestCustomTopicConsumption" name="test_run_consumes_first_custom_topic" time="25.643" /><testcase classname="tests.test_autopilot_topics_and_publish.TestPublishToggle" name="test_publish_bad_id_404" time="0.086" /><testcase classname="tests.test_autopilot_topics_and_publish.TestPublishToggle" name="test_publish_requires_auth" time="0.288" /></testsuite></testsuites>