<?xml version="1.0" encoding="utf-8"?><testsuites name="pytest tests"><testsuite name="pytest" errors="0" failures="0" skipped="0" tests="10" time="13.926" timestamp="2026-09-03T22:54:38.254791+00:00" hostname="agent-env-14e87ee8-eebe-42e5-8278-d3a4b4c84a67"><testcase classname="tests.test_suggest_and_bulk_publish.TestSuggestTopics" name="test_requires_auth" time="0.762" /><testcase classname="tests.test_suggest_and_bulk_publish.TestBulkPublish" name="test_requires_auth" time="0.933" /><testcase classname="tests.test_suggest_and_bulk_publish.TestSuggestTopics" name="test_returns_eight_suggestions" time="12.195" /><testcase classname="tests.test_suggest_and_bulk_publish.TestBulkPublish" name="test_empty_ids_returns_400" time="2.119" /><testcase classname="tests.test_suggest_and_bulk_publish.TestBulkPublish" name="test_missing_ids_key_returns_400" time="0.074" /><testcase classname="tests.test_suggest_and_bulk_publish.TestBulkPublish" name="test_unknown_ids_return_zero_updated" time="0.084" /><testcase classname="tests.test_suggest_and_bulk_publish.TestBulkPublish" name="test_bulk_unpublish_then_publish_persists" time="2.415" /><testcase classname="tests.test_suggest_and_bulk_publish.TestBulkPublish" name="test_default_published_true" time="0.321" /><testcase classname="tests.test_suggest_and_bulk_publish.TestBulkPublish" name="test_partial_mix_of_valid_and_invalid_ids" time="0.374" /><testcase classname="tests.test_suggest_and_bulk_publish.TestAutopilotSettingsRegression" name="test_settings_and_topics_still_persist" time="0.330" /></testsuite></testsuites>