<?xml version="1.0" encoding="utf-8"?><testsuites name="pytest tests"><testsuite name="pytest" errors="0" failures="0" skipped="0" tests="19" time="17.083" timestamp="2026-08-20T10:50:07.961255+00:00" hostname="agent-env-81a8f7bc-04c8-411f-95b4-a8924aed640f"><testcase classname="tests.test_jeny_chat.TestPhoneCaptureAndLead" name="test_01_phone_capture_sets_flag" time="3.915" /><testcase classname="tests.test_jeny_chat.TestAdminChats" name="test_list_requires_auth" time="0.718" /><testcase classname="tests.test_jeny_chat.TestPhoneCaptureAndLead" name="test_02_session_stores_phone" time="0.051" /><testcase classname="tests.test_jeny_chat.TestPhoneCaptureAndLead" name="test_02b_admin_list_shows_phone_and_lead_flag" time="2.084" /><testcase classname="tests.test_jeny_chat.TestPhoneCaptureAndLead" name="test_03_lead_auto_created_once" time="0.059" /><testcase classname="tests.test_jeny_chat.TestPhoneCaptureAndLead" name="test_04_repeat_phone_does_not_duplicate_lead" time="5.684" /><testcase classname="tests.test_jeny_chat.TestAdminChats" name="test_detail_requires_auth" time="5.491" /><testcase classname="tests.test_jeny_chat.TestAdminChats" name="test_delete_requires_auth" time="0.047" /><testcase classname="tests.test_jeny_chat.TestAdminChats" name="test_invalid_token_rejected" time="0.073" /><testcase classname="tests.test_jeny_chat.TestAdminChats" name="test_list_shape" time="0.060" /><testcase classname="tests.test_jeny_chat.TestAdminChats" name="test_detail_404_for_unknown" time="0.067" /><testcase classname="tests.test_jeny_chat.TestAdminChats" name="test_delete_and_verify_removal" time="5.494" /><testcase classname="tests.test_jeny_chat.TestPhoneCaptureAndLead" name="test_05_cleanup_lead" time="0.051" /><testcase classname="tests.test_jeny_chat.TestChatStreamingAndMemory" name="test_01_first_turn_streams" time="2.348" /><testcase classname="tests.test_jeny_chat.TestChatValidation" name="test_missing_message_returns_422" time="0.056" /><testcase classname="tests.test_jeny_chat.TestChatValidation" name="test_missing_session_id_returns_422" time="0.175" /><testcase classname="tests.test_jeny_chat.TestChatStreamingAndMemory" name="test_02_second_turn_remembers_context" time="1.931" /><testcase classname="tests.test_jeny_chat.TestChatStreamingAndMemory" name="test_03_history_endpoint_public" time="0.078" /><testcase classname="tests.test_jeny_chat.TestChatStreamingAndMemory" name="test_04_history_unknown_session_returns_empty" time="0.305" /></testsuite></testsuites>