<?xml version="1.0" encoding="utf-8"?><testsuites name="pytest tests"><testsuite name="pytest" errors="0" failures="0" skipped="0" tests="41" time="7.797" timestamp="2026-09-03T21:55:23.802169+00:00" hostname="agent-env-14e87ee8-eebe-42e5-8278-d3a4b4c84a67"><testcase classname="tests.test_lead_delete_and_gsc" name="test_delete_lead_requires_auth" time="0.538" /><testcase classname="tests.test_case_studies" name="test_public_list_case_studies" time="0.233" /><testcase classname="tests.test_case_studies" name="test_public_get_case_study_by_slug" time="0.166" /><testcase classname="tests.test_case_studies" name="test_public_get_case_study_404" time="0.132" /><testcase classname="tests.test_case_studies" name="test_admin_case_studies_requires_auth" time="0.349" /><testcase classname="tests.test_lead_delete_and_gsc" name="test_delete_lead_success_and_removal" time="1.166" /><testcase classname="tests.test_case_studies" name="test_admin_list_case_studies" time="0.538" /><testcase classname="tests.test_case_studies" name="test_created_appears_in_admin_and_public" time="0.472" /><testcase classname="tests.test_lead_delete_and_gsc" name="test_delete_lead_not_found" time="0.155" /><testcase classname="tests.test_lead_delete_and_gsc" name="test_delete_lead_twice_is_404" time="0.592" /><testcase classname="tests.test_case_studies" name="test_duplicate_slug_returns_409" time="0.132" /><testcase classname="tests.test_case_studies" name="test_update_case_study" time="0.289" /><testcase classname="tests.test_case_studies" name="test_delete_case_study" time="0.506" /><testcase classname="tests.test_lead_delete_and_gsc" name="test_settings_has_google_verification_field" time="0.142" /><testcase classname="tests.test_lead_delete_and_gsc" name="test_update_google_verification_persists" time="0.719" /><testcase classname="tests.test_case_studies" name="test_sitemap_contains_case_studies" time="0.420" /><testcase classname="tests.test_leads_and_seo" name="test_create_lead_contact" time="0.278" /><testcase classname="tests.test_lead_delete_and_gsc" name="test_settings_marketing_defaults_intact" time="0.206" /><testcase classname="tests.test_site_settings.TestAdminSiteSettings" name="test_get_admin_settings_requires_auth" time="0.176" /><testcase classname="tests.test_leads_and_seo" name="test_create_lead_exit_intent" time="0.510" /><testcase classname="tests.test_site_settings.TestAdminSiteSettings" name="test_get_admin_settings" time="0.402" /><testcase classname="tests.test_site_settings.TestAdminSiteSettings" name="test_put_empty_body_returns_400" time="0.087" /><testcase classname="tests.test_site_settings.TestAdminSiteSettings" name="test_put_invalid_structure_returns_400" time="0.235" /><testcase classname="tests.test_site_settings.TestAdminSiteSettings" name="test_put_valid_partial_merge_and_persist" time="0.241" /><testcase classname="tests.test_leads_and_seo" name="test_admin_list_leads_contains_created" time="0.584" /><testcase classname="tests.test_leads_and_seo" name="test_geo_endpoint" time="0.339" /><testcase classname="tests.test_site_settings.TestDigestSettings" name="test_get_digest_settings" time="0.084" /><testcase classname="tests.test_site_settings.TestDigestSettings" name="test_update_digest_settings" time="0.155" /><testcase classname="tests.test_site_settings.TestDigestSettings" name="test_update_digest_invalid_hour" time="0.119" /><testcase classname="tests.test_leads_and_seo" name="test_sitemap_xml_valid" time="0.223" /><testcase classname="tests.test_site_settings.TestDigestSettings" name="test_update_digest_invalid_tz" time="0.170" /><testcase classname="tests.test_leads_and_seo" name="test_offers_or_home_reachable" time="0.176" /><testcase classname="tests.test_marketing_toggle.TestMarketingToggle" name="test_default_marketing_present" time="0.153" /><testcase classname="tests.test_marketing_toggle.TestLeadRegression" name="test_create_lead_returns_ok_id" time="0.597" /><testcase classname="tests.test_marketing_toggle.TestMarketingToggle" name="test_toggle_off_and_on" time="0.582" /><testcase classname="tests.test_site_settings.TestPublicSettings" name="test_get_settings_shape" time="0.339" /><testcase classname="tests.test_site_settings.TestPublicSettings" name="test_sitemap_uses_canonical_domain" time="0.182" /><testcase classname="tests.test_marketing_toggle.TestLeadRegression" name="test_lead_visible_to_admin" time="0.762" /><testcase classname="tests.test_site_settings.TestLocationPage" name="test_mumbai_page_returns_content" time="0.101" /><testcase classname="tests.test_site_settings.TestWarmupEndpoints" name="test_warmup_status" time="0.421" /><testcase classname="tests.test_site_settings.TestWarmupEndpoints" name="test_warmup_requires_auth" time="0.074" /></testsuite></testsuites>