<?xml version="1.0" encoding="utf-8"?><testsuites name="pytest tests"><testsuite name="pytest" errors="0" failures="2" skipped="0" tests="49" time="9.529" timestamp="2026-09-03T22:25:20.146735+00:00" hostname="agent-env-14e87ee8-eebe-42e5-8278-d3a4b4c84a67"><testcase classname="tests.test_lead_delete_and_gsc" name="test_delete_lead_requires_auth" time="0.610" /><testcase classname="tests.test_case_studies" name="test_public_list_case_studies" time="0.293" /><testcase classname="tests.test_case_studies" name="test_public_get_case_study_by_slug" time="0.136" /><testcase classname="tests.test_case_studies" name="test_public_get_case_study_404" time="0.111" /><testcase classname="tests.test_case_studies" name="test_admin_case_studies_requires_auth" time="0.162" /><testcase classname="tests.test_lead_delete_and_gsc" name="test_delete_lead_success_and_removal" time="1.280" /><testcase classname="tests.test_case_studies" name="test_admin_list_case_studies" time="0.672" /><testcase classname="tests.test_case_studies" name="test_created_appears_in_admin_and_public" time="0.510" /><testcase classname="tests.test_case_studies" name="test_duplicate_slug_returns_409" time="0.116" /><testcase classname="tests.test_lead_delete_and_gsc" name="test_delete_lead_not_found" time="0.191" /><testcase classname="tests.test_case_studies" name="test_update_case_study" time="0.340" /><testcase classname="tests.test_lead_delete_and_gsc" name="test_delete_lead_twice_is_404" time="0.619" /><testcase classname="tests.test_case_studies" name="test_delete_case_study" time="0.476" /><testcase classname="tests.test_lead_delete_and_gsc" name="test_settings_has_google_verification_field" time="0.143" /><testcase classname="tests.test_case_studies" name="test_sitemap_contains_case_studies" time="0.443" /><testcase classname="tests.test_lead_delete_and_gsc" name="test_update_google_verification_persists" time="0.732" /><testcase classname="tests.test_leads_and_seo" name="test_create_lead_contact" time="0.285" /><testcase classname="tests.test_leads_and_seo" name="test_create_lead_exit_intent" time="0.271" /><testcase classname="tests.test_lead_delete_and_gsc" name="test_settings_marketing_defaults_intact" time="0.158" /><testcase classname="tests.test_blog_autopilot.TestAutopilotSettings" name="test_get_requires_auth" time="0.138" /><testcase classname="tests.test_blog_autopilot.TestAutopilotSettings" name="test_get_settings_shape" time="0.547" /><testcase classname="tests.test_leads_and_seo" name="test_admin_list_leads_contains_created" time="0.720" /><testcase classname="tests.test_blog_autopilot.TestAutopilotSettings" name="test_update_persists" time="0.456" /><testcase classname="tests.test_leads_and_seo" name="test_geo_endpoint" time="0.294" /><testcase classname="tests.test_leads_and_seo" name="test_sitemap_xml_valid" time="0.206" /><testcase classname="tests.test_blog_autopilot.TestAutopilotSettings" name="test_frequency_clamped" time="0.289" /><testcase classname="tests.test_leads_and_seo" name="test_offers_or_home_reachable" time="0.192" /><testcase classname="tests.test_blog_autopilot.TestAutopilotSettings" name="test_partial_update_does_not_clear_others" time="0.264" /><testcase classname="tests.test_site_settings.TestAdminSiteSettings" name="test_get_admin_settings_requires_auth" time="0.142" /><testcase classname="tests.test_site_settings.TestAdminSiteSettings" name="test_get_admin_settings" time="0.555" /><testcase classname="tests.test_site_settings.TestAdminSiteSettings" name="test_put_empty_body_returns_400" time="0.114" /><testcase classname="tests.test_site_settings.TestDigestSettings" name="test_get_digest_settings" time="0.580" /><testcase classname="tests.test_site_settings.TestDigestSettings" name="test_update_digest_settings" time="0.158" /><testcase classname="tests.test_site_settings.TestAdminSiteSettings" name="test_put_invalid_structure_returns_400" time="0.070" /><testcase classname="tests.test_site_settings.TestAdminSiteSettings" name="test_put_valid_partial_merge_and_persist" time="0.202" /><testcase classname="tests.test_site_settings.TestDigestSettings" name="test_update_digest_invalid_hour" time="0.069" /><testcase classname="tests.test_site_settings.TestDigestSettings" name="test_update_digest_invalid_tz" time="0.082" /><testcase classname="tests.test_marketing_toggle.TestMarketingToggle" name="test_default_marketing_present" time="0.176" /><testcase classname="tests.test_marketing_toggle.TestLeadRegression" name="test_create_lead_returns_ok_id" time="0.476" /><testcase classname="tests.test_marketing_toggle.TestMarketingToggle" name="test_toggle_off_and_on" time="0.845" /><testcase classname="tests.test_marketing_toggle.TestLeadRegression" name="test_lead_visible_to_admin" time="0.561" /><testcase classname="tests.test_site_settings.TestPublicSettings" name="test_get_settings_shape" time="0.385" /><testcase classname="tests.test_site_settings.TestPublicSettings" name="test_sitemap_uses_canonical_domain" time="0.122" /><testcase classname="tests.test_site_settings.TestWarmupEndpoints" name="test_warmup_status" time="0.451" /><testcase classname="tests.test_site_settings.TestWarmupEndpoints" name="test_warmup_requires_auth" time="0.066" /><testcase classname="tests.test_blog_autopilot.TestExistingSlugs" name="test_all_public_blog_slugs_clean" time="0.147"><failure message="AssertionError: dirty slugs: ['why-you-need-a-freelance-ai-consultant-in-2026:-a-leader’s-guide']&#10;assert not ['why-you-need-a-freelance-ai-consultant-in-2026:-a-leader’s-guide']">E   AssertionError: dirty slugs: ['why-you-need-a-freelance-ai-consultant-in-2026:-a-leader’s-guide']
    assert not ['why-you-need-a-freelance-ai-consultant-in-2026:-a-leader’s-guide']</failure></testcase><testcase classname="tests.test_blog_autopilot.TestAutopilotRun" name="test_run_requires_auth" time="0.162" /><testcase classname="tests.test_blog_autopilot_posts" name="test_generated_posts_public_and_clean" time="0.888"><failure message="AssertionError: AI posts with dirty slugs (pre-fix leftovers): ['why-you-need-a-freelance-ai-consultant-in-2026:-a-leader’s-guide']&#10;assert not ['why-you-need-a-freelance-ai-consultant-in-2026:-a-leader’s-guide']">E   AssertionError: AI posts with dirty slugs (pre-fix leftovers): ['why-you-need-a-freelance-ai-consultant-in-2026:-a-leader’s-guide']
    assert not ['why-you-need-a-freelance-ai-consultant-in-2026:-a-leader’s-guide']</failure></testcase><testcase classname="tests.test_site_settings.TestLocationPage" name="test_mumbai_page_returns_content" time="0.349" /></testsuite></testsuites>